<?xml version="1.0" encoding="UTF-8" ?>
<testsuite errors="0" failures="0" hostname="daw-mv" name="practivaexamen.PeliculaTest" skipped="0" tests="1" time="0.19" timestamp="2023-05-23T20:04:39">
  <properties>
    <property name="libs.spring-framework300.classpath" value="/opt/netbeans/platform/modules/org-apache-commons-logging.jar:/opt/netbeans/java/modules/ext/cglib-2.2.jar:/opt/netbeans/java/modules/ext/spring-3.0/spring-aop-3.2.18.RELEASE.jar:/opt/netbeans/java/modules/ext/spring-3.0/spring-aspects-3.2.18.RELEASE.jar:/opt/netbeans/java/modules/ext/spring-3.0/spring-beans-3.2.18.RELEASE.jar:/opt/netbeans/java/modules/ext/spring-3.0/spring-context-3.2.18.RELEASE.jar:/opt/netbeans/java/modules/ext/spring-3.0/spring-context-support-3.2.18.RELEASE.jar:/opt/netbeans/java/modules/ext/spring-3.0/spring-core-3.2.18.RELEASE.jar:/opt/netbeans/java/modules/ext/spring-3.0/spring-expression-3.2.18.RELEASE.jar:/opt/netbeans/java/modules/ext/spring-3.0/spring-instrument-3.2.18.RELEASE.jar:/opt/netbeans/java/modules/ext/spring-3.0/spring-instrument-tomcat-3.2.18.RELEASE.jar:/opt/netbeans/java/modules/ext/spring-3.0/spring-jdbc-3.2.18.RELEASE.jar:/opt/netbeans/java/modules/ext/spring-3.0/spring-jms-3.2.18.RELEASE.jar:/opt/netbeans/java/modules/ext/spring-3.0/spring-orm-3.2.18.RELEASE.jar:/opt/netbeans/java/modules/ext/spring-3.0/spring-oxm-3.2.18.RELEASE.jar:/opt/netbeans/java/modules/ext/spring-3.0/spring-struts-3.2.18.RELEASE.jar:/opt/netbeans/java/modules/ext/spring-3.0/spring-test-3.2.18.RELEASE.jar:/opt/netbeans/java/modules/ext/spring-3.0/spring-tx-3.2.18.RELEASE.jar:/opt/netbeans/java/modules/ext/spring-3.0/spring-web-3.2.18.RELEASE.jar:/opt/netbeans/java/modules/ext/spring-3.0/spring-webmvc-3.2.18.RELEASE.jar:/opt/netbeans/java/modules/ext/spring-3.0/spring-webmvc-portlet-3.2.18.RELEASE.jar" />
    <property name="javac.test.classpath" value=":build/classes:/opt/netbeans/platform/modules/ext/junit-jupiter-api-5.6.0.jar:/opt/netbeans/platform/modules/ext/junit-jupiter-params-5.6.0.jar:/opt/netbeans/platform/modules/ext/junit-jupiter-engine-5.6.0.jar:/opt/netbeans/platform/modules/ext/junit-4.13.2.jar:/opt/netbeans/platform/modules/ext/hamcrest-core-1.3.jar" />
    <property name="java.specification.version" value="17" />
    <property name="libs.spring-framework500.classpath" value="/opt/netbeans/platform/modules/org-apache-commons-logging.jar:/opt/netbeans/java/modules/ext/cglib-2.2.jar:/opt/netbeans/java/modules/ext/spring-5/spring-aop-5.2.9.RELEASE.jar:/opt/netbeans/java/modules/ext/spring-5/spring-aspects-5.2.9.RELEASE.jar:/opt/netbeans/java/modules/ext/spring-5/spring-beans-5.2.9.RELEASE.jar:/opt/netbeans/java/modules/ext/spring-5/spring-context-5.2.9.RELEASE.jar:/opt/netbeans/java/modules/ext/spring-5/spring-context-indexer-5.2.9.RELEASE.jar:/opt/netbeans/java/modules/ext/spring-5/spring-context-support-5.2.9.RELEASE.jar:/opt/netbeans/java/modules/ext/spring-5/spring-core-5.2.9.RELEASE.jar:/opt/netbeans/java/modules/ext/spring-5/spring-expression-5.2.9.RELEASE.jar:/opt/netbeans/java/modules/ext/spring-5/spring-instrument-5.2.9.RELEASE.jar:/opt/netbeans/java/modules/ext/spring-5/spring-jcl-5.2.9.RELEASE.jar:/opt/netbeans/java/modules/ext/spring-5/spring-jdbc-5.2.9.RELEASE.jar:/opt/netbeans/java/modules/ext/spring-5/spring-jms-5.2.9.RELEASE.jar:/opt/netbeans/java/modules/ext/spring-5/spring-messaging-5.2.9.RELEASE.jar:/opt/netbeans/java/modules/ext/spring-5/spring-orm-5.2.9.RELEASE.jar:/opt/netbeans/java/modules/ext/spring-5/spring-oxm-5.2.9.RELEASE.jar:/opt/netbeans/java/modules/ext/spring-5/spring-test-5.2.9.RELEASE.jar:/opt/netbeans/java/modules/ext/spring-5/spring-tx-5.2.9.RELEASE.jar:/opt/netbeans/java/modules/ext/spring-5/spring-web-5.2.9.RELEASE.jar:/opt/netbeans/java/modules/ext/spring-5/spring-webflux-5.2.9.RELEASE.jar:/opt/netbeans/java/modules/ext/spring-5/spring-webmvc-5.2.9.RELEASE.jar:/opt/netbeans/java/modules/ext/spring-5/spring-websocket-5.2.9.RELEASE.jar" />
    <property name="jar.index.metainf" value="false" />
    <property name="libs.spring-webmvc4.0.javadoc" value="" />
    <property name="javafx.preloader.project.path" value="" />
    <property name="libs.spring-framework400.classpath" value="/opt/netbeans/platform/modules/org-apache-commons-logging.jar:/opt/netbeans/java/modules/ext/cglib-2.2.jar:/opt/netbeans/java/modules/ext/spring-4/spring-aop-4.3.29.RELEASE.jar:/opt/netbeans/java/modules/ext/spring-4/spring-aspects-4.3.29.RELEASE.jar:/opt/netbeans/java/modules/ext/spring-4/spring-beans-4.3.29.RELEASE.jar:/opt/netbeans/java/modules/ext/spring-4/spring-context-4.3.29.RELEASE.jar:/opt/netbeans/java/modules/ext/spring-4/spring-context-support-4.3.29.RELEASE.jar:/opt/netbeans/java/modules/ext/spring-4/spring-core-4.3.29.RELEASE.jar:/opt/netbeans/java/modules/ext/spring-4/spring-expression-4.3.29.RELEASE.jar:/opt/netbeans/java/modules/ext/spring-4/spring-instrument-4.3.29.RELEASE.jar:/opt/netbeans/java/modules/ext/spring-4/spring-instrument-tomcat-4.3.29.RELEASE.jar:/opt/netbeans/java/modules/ext/spring-4/spring-jdbc-4.3.29.RELEASE.jar:/opt/netbeans/java/modules/ext/spring-4/spring-jms-4.3.29.RELEASE.jar:/opt/netbeans/java/modules/ext/spring-4/spring-messaging-4.3.29.RELEASE.jar:/opt/netbeans/java/modules/ext/spring-4/spring-orm-4.3.29.RELEASE.jar:/opt/netbeans/java/modules/ext/spring-4/spring-oxm-4.3.29.RELEASE.jar:/opt/netbeans/java/modules/ext/spring-4/spring-test-4.3.29.RELEASE.jar:/opt/netbeans/java/modules/ext/spring-4/spring-tx-4.3.29.RELEASE.jar:/opt/netbeans/java/modules/ext/spring-4/spring-web-4.3.29.RELEASE.jar:/opt/netbeans/java/modules/ext/spring-4/spring-webmvc-4.3.29.RELEASE.jar:/opt/netbeans/java/modules/ext/spring-4/spring-webmvc-portlet-4.3.29.RELEASE.jar:/opt/netbeans/java/modules/ext/spring-4/spring-websocket-4.3.29.RELEASE.jar" />
    <property name="test.binaryincludes" value="&lt;nothing&gt;" />
    <property name="debug-transport" value="dt_socket" />
    <property name="ant.file.type.jfx-impl" value="file" />
    <property name="libs.javaee-web-api-8.0.src" value="" />
    <property name="java.vendor.url" value="http://www.azul.com/" />
    <property name="debug.modulepath" value="" />
    <property name="libs.eclipselink.javadoc" value="/opt/netbeans/java/modules/ext/docs/jakarta.persistence-2.2.3-doc.zip" />
    <property name="libs.jsp-compilation.src" value="" />
    <property name="ant.file.PractivaExamen-impl" value="/home/alumno/NetBeansProjects/PractivaExamen/nbproject/build-impl.xml" />
    <property name="libs.JWSAntTasks.javadoc" value="" />
    <property name="sun.boot.library.path" value="/usr/lib/jvm/zulu-fx-17-amd64/lib" />
    <property name="sun.java.command" value="org.apache.tools.ant.taskdefs.optional.junit.JUnitTestRunner practivaexamen.PeliculaTest skipNonTests=false filtertrace=true haltOnError=false haltOnFailure=false showoutput=true outputtoformatters=true logfailedtests=true threadid=0 logtestlistenerevents=true formatter=org.apache.tools.ant.taskdefs.optional.junit.BriefJUnitResultFormatter formatter=org.apache.tools.ant.taskdefs.optional.junit.XMLJUnitResultFormatter,/home/alumno/NetBeansProjects/PractivaExamen/build/test/results/TEST-practivaexamen.PeliculaTest.xml crashfile=/home/alumno/NetBeansProjects/PractivaExamen/build/junitvmwatcher6135015680343959633.properties propsfile=/home/alumno/NetBeansProjects/PractivaExamen/build/junit9976450476525127334.properties" />
    <property name="jdk.debug" value="release" />
    <property name="javafx.enable.concurrent.external.runs" value="false" />
    <property name="libs.spring-framework300.src" value="" />
    <property name="javadoc.use" value="true" />
    <property name="javadoc.notree" value="false" />
    <property name="basedir" value="/home/alumno/NetBeansProjects/PractivaExamen" />
    <property name="application.vendor" value="alumno" />
    <property name="java.specification.name" value="Java Platform API Specification" />
    <property name="java.vm.specification.vendor" value="Oracle Corporation" />
    <property name="libs.jsf20.classpath" value="/opt/netbeans/enterprise/modules/ext/jsf-2_2/javax.faces.jar" />
    <property name="netbeans.extbrowser.manual_chrome_plugin_install" value="yes" />
    <property name="libs.spring-framework500.javadoc" value="" />
    <property name="netbeans.default_userdir_root" value="/home/alumno/.netbeans" />
    <property name="libs.jsp-compilation-syscp.src" value="" />
    <property name="jdk.home" value="/usr/lib/jvm/zulu-fx-17-amd64" />
    <property name="java.runtime.version" value="17.0.7+7-LTS" />
    <property name="libs.eclipselink.maven-pom" value="" />
    <property name="libs.metro.maven-pom" value="" />
    <property name="libs.JAXB-ENDORSED.javadoc" value="" />
    <property name="ant.file.type.PractivaExamen-impl" value="file" />
    <property name="sun.java2d.noddraw" value="true" />
    <property name="sun.zip.disableMemoryMapping" value="true" />
    <property name="jnidispatch.path" value="/home/alumno/.cache/JNA/temp/jna15944710051756666251.tmp" />
    <property name="libs.primefaces.javadoc" value="" />
    <property name="libs.jsf12.src" value="" />
    <property name="libs.jsp-compilation.javadoc" value="" />
    <property name="libs.groovy-all.maven-pom" value="" />
    <property name="java.vendor.version" value="Zulu17.42+19-CA" />
    <property name="libs.restapi.src" value="" />
    <property name="libs.junit_5.javadoc" value="/opt/netbeans/platform/docs/junit-jupiter-api-5.6.0-javadoc.jar:/opt/netbeans/platform/docs/junit-jupiter-params-5.6.0-javadoc.jar:/opt/netbeans/platform/docs/junit-jupiter-engine-5.6.0-javadoc.jar" />
    <property name="jnlp.enabled" value="false" />
    <property name="java.io.tmpdir" value="/tmp" />
    <property name="java.version" value="17.0.7" />
    <property name="java.vm.specification.name" value="Java Virtual Machine Specification" />
    <property name="libs.jakartaee-api-8.0.javadoc" value="/opt/netbeans/enterprise/docs/jakartaee8-doc-api.jar" />
    <property name="ant.file.jfx-impl" value="/home/alumno/NetBeansProjects/PractivaExamen/nbproject/jfx-impl.xml" />
    <property name="native.encoding" value="UTF-8" />
    <property name="java.library.path" value="/usr/java/packages/lib:/usr/lib64:/lib64:/lib:/usr/lib" />
    <property name="libs.hamcrest.src" value="" />
    <property name="java.vendor" value="Azul Systems, Inc." />
    <property name="libs.testng.javadoc" value="/opt/netbeans/platform/docs/testng-6.13.1-javadoc.jar" />
    <property name="libs.groovy-all.src" value="" />
    <property name="meta.inf.dir" value="src/META-INF" />
    <property name="run.upgrademodulepath" value="" />
    <property name="compile.on.save" value="true" />
    <property name="libs.testng.maven-pom" value="" />
    <property name="org.openide.version" value="deprecated" />
    <property name="test.includes" value="practivaexamen/PeliculaTest.java" />
    <property name="run.classpath" value="dist/PractivaExamen.jar::build/classes" />
    <property name="libs.jaxb.src" value="" />
    <property name="test.src.dir" value="test" />
    <property name="sun.awt.enableExtraMouseButtons" value="true" />
    <property name="org.openide.major.version" value="IDE/1" />
    <property name="https.proxyPort" value="3128" />
    <property name="libs.spring-framework300.javadoc" value="" />
    <property name="ap.proc.none.internal" value="" />
    <property name="org.openide.specification.version" value="6.2" />
    <property name="user.timezone" value="Europe/Madrid" />
    <property name="jar.index" value="false" />
    <property name="libs.jpa20-persistence.classpath" value="/opt/netbeans/java/modules/ext/eclipselink/jakarta.persistence-2.2.3.jar" />
    <property name="libs.eclipselinkmodelgen.javadoc" value="" />
    <property name="java.vm.specification.version" value="17" />
    <property name="libs.junit_5.classpath" value="/opt/netbeans/platform/modules/ext/junit-jupiter-api-5.6.0.jar:/opt/netbeans/platform/modules/ext/junit-jupiter-params-5.6.0.jar:/opt/netbeans/platform/modules/ext/junit-jupiter-engine-5.6.0.jar" />
    <property name="javadoc.noindex" value="false" />
    <property name="javadoc.private" value="false" />
    <property name="javafx.preloader.enabled" value="false" />
    <property name="libs.spring-webmvc4.0.maven-pom" value="" />
    <property name="libs.JAXB-ENDORSED.maven-pom" value="" />
    <property name="user.home" value="/home/alumno" />
    <property name="ant.file.PractivaExamen" value="/home/alumno/NetBeansProjects/PractivaExamen/build.xml" />
    <property name="libs.eclipselinkmodelgen.maven-pom" value="" />
    <property name="have.sources" value="true" />
    <property name="annotation.processing.processors.list" value="" />
    <property name="javac.deprecation" value="false" />
    <property name="javafx.preloader.jar.filename" value="" />
    <property name="build.generated.sources.dir" value="build/generated-sources" />
    <property name="plugin.manager.check.updates" value="false" />
    <property name="netbeans.autoupdate.language" value="es" />
    <property name="build.compiler.emacs" value="true" />
    <property name="libs.eclipselinkmodelgen.src" value="" />
    <property name="build.classes.excludes" value="**/*.java,**/*.form" />
    <property name="dist.jar" value="dist/PractivaExamen.jar" />
    <property name="libs.jakartaee-web-api-9.0.classpath" value="/opt/netbeans/enterprise/modules/ext/jakarta.jakartaee-web-api-9.0.0.jar" />
    <property name="libs.spring-webmvc4.0.classpath" value="/opt/netbeans/java/modules/ext/spring-4/spring-webmvc-4.3.29.RELEASE.jar" />
    <property name="modules.supported.internal" value="true" />
    <property name="libs.javaee-endorsed-api-7.0.javadoc" value="/opt/netbeans/enterprise/docs/javaee-doc-api.jar" />
    <property name="os.version" value="5.19.0-41-generic" />
    <property name="netbeans.home" value="/opt/netbeans/platform" />
    <property name="libs.CopyLibs.javadoc" value="" />
    <property name="debug-transport-by-os" value="dt_socket" />
    <property name="libs.javaee-api-8.0.javadoc" value="/opt/netbeans/enterprise/docs/javaee-doc-api.jar" />
    <property name="libs.jsf20.src" value="" />
    <property name="java.vm.name" value="OpenJDK 64-Bit Server VM" />
    <property name="unnamed.module.internal" value="true" />
    <property name="libs.jstl.javadoc" value="/opt/netbeans/enterprise/docs/javaee-doc-api.jar" />
    <property name="libs.javaee-endorsed-api-7.0.maven-pom" value="" />
    <property name="libs.jaxws21.classpath" value="/opt/netbeans/java/modules/ext/jaxws22/api/jakarta.jws-api.jar:/opt/netbeans/java/modules/ext/jaxws22/api/jakarta.xml.soap-api.jar:/opt/netbeans/java/modules/ext/jaxws22/api/jakarta.xml.ws-api.jar:/opt/netbeans/java/modules/ext/jaxws22/FastInfoset.jar:/opt/netbeans/java/modules/ext/jaxws22/gmbal-api-only.jar:/opt/netbeans/java/modules/ext/jaxws22/ha-api.jar:/opt/netbeans/java/modules/ext/jaxws22/jakarta.mail.jar:/opt/netbeans/java/modules/ext/jaxws22/jaxws-rt.jar:/opt/netbeans/java/modules/ext/jaxws22/jaxws-tools.jar:/opt/netbeans/java/modules/ext/jaxws22/management-api.jar:/opt/netbeans/java/modules/ext/jaxws22/mimepull.jar:/opt/netbeans/java/modules/ext/jaxws22/policy.jar:/opt/netbeans/java/modules/ext/jaxws22/saaj-impl.jar:/opt/netbeans/java/modules/ext/jaxws22/stax-ex.jar:/opt/netbeans/java/modules/ext/jaxws22/stax2-api.jar:/opt/netbeans/java/modules/ext/jaxws22/streambuffer.jar:/opt/netbeans/java/modules/ext/jaxws22/woodstox-core.jar:/opt/netbeans/ide/modules/ext/jaxb/api/jaxb-api.jar:/opt/netbeans/ide/modules/ext/jaxb/activation.jar:/opt/netbeans/ide/modules/ext/jaxb/jaxb-impl.jar:/opt/netbeans/ide/modules/ext/jaxb/jaxb-xjc.jar" />
    <property name="libs.restapi.classpath" value="/opt/netbeans/enterprise/modules/ext/jaxrs-2.1/jakarta.ws.rs-api-2.1.6.jar" />
    <property name="os.arch" value="amd64" />
    <property name="build.generated.dir" value="build/generated" />
    <property name="libs.groovy-all.javadoc" value="" />
    <property name="javafx.deploy.embedJNLP" value="true" />
    <property name="libs.jakartaee-api-8.0.classpath" value="/opt/netbeans/enterprise/modules/ext/jakarta.jakartaee-api-8.0.0.jar" />
    <property name="javafx.deploy.includeDT" value="true" />
    <property name="libs.javaee-web-api-7.0.javadoc" value="/opt/netbeans/enterprise/docs/javaee-doc-api.jar" />
    <property name="libs.javaee-endorsed-api-6.0.src" value="" />
    <property name="libs.jsf12.maven-pom" value="" />
    <property name="libs.javaee-endorsed-api-7.0.classpath" value="/opt/netbeans/enterprise/modules/ext/javaee7-endorsed/javax.annotation-api.jar:/opt/netbeans/enterprise/modules/ext/javaee7-endorsed/javax.xml.soap-api.jar:/opt/netbeans/enterprise/modules/ext/javaee7-endorsed/jaxb-api-osgi.jar:/opt/netbeans/enterprise/modules/ext/javaee7-endorsed/jaxws-api.jar:/opt/netbeans/enterprise/modules/ext/javaee7-endorsed/jsr181-api.jar" />
    <property name="org.netbeans.io.suspend" value="0" />
    <property name="http.proxyPort" value="3128" />
    <property name="libs.primefaces.maven-pom" value="" />
    <property name="ant.project.name" value="PractivaExamen" />
    <property name="dist.javadoc.dir" value="dist/javadoc" />
    <property name="default.javac.target" value="17" />
    <property name="javac.fork" value="false" />
    <property name="libs.eclipselink.classpath" value="/opt/netbeans/java/modules/ext/eclipselink/org.eclipse.persistence.core-2.7.10.jar:/opt/netbeans/java/modules/ext/eclipselink/org.eclipse.persistence.asm-9.2.0.jar:/opt/netbeans/java/modules/ext/eclipselink/org.eclipse.persistence.antlr-2.7.10.jar:/opt/netbeans/java/modules/ext/eclipselink/org.eclipse.persistence.jpa-2.7.10.jar:/opt/netbeans/java/modules/ext/eclipselink/org.eclipse.persistence.jpa.jpql-2.7.10.jar:/opt/netbeans/java/modules/ext/eclipselink/org.eclipse.persistence.moxy-2.7.10.jar:/opt/netbeans/java/modules/ext/eclipselink/jakarta.persistence-2.2.3.jar" />
    <property name="libs.struts.classpath" value="/opt/netbeans/enterprise/modules/ext/struts/antlr-2.7.2.jar:/opt/netbeans/enterprise/modules/ext/struts/bsf-2.3.0.jar:/opt/netbeans/enterprise/modules/ext/struts/commons-beanutils-1.8.0.jar:/opt/netbeans/enterprise/modules/ext/struts/commons-chain-1.2.jar:/opt/netbeans/enterprise/modules/ext/struts/commons-digester-1.8.jar:/opt/netbeans/enterprise/modules/ext/struts/commons-fileupload-1.1.1.jar:/opt/netbeans/enterprise/modules/ext/struts/commons-io-1.1.jar:/opt/netbeans/enterprise/modules/ext/struts/commons-logging-1.0.4.jar:/opt/netbeans/enterprise/modules/ext/struts/commons-validator-1.3.1.jar:/opt/netbeans/enterprise/modules/ext/struts/jstl-1.0.2.jar:/opt/netbeans/enterprise/modules/ext/struts/oro-2.0.8.jar:/opt/netbeans/enterprise/modules/ext/struts/standard-1.0.6.jar:/opt/netbeans/enterprise/modules/ext/struts/struts-core-1.3.10.jar:/opt/netbeans/enterprise/modules/ext/struts/struts-el-1.3.10.jar:/opt/netbeans/enterprise/modules/ext/struts/struts-extras-1.3.10.jar:/opt/netbeans/enterprise/modules/ext/struts/struts-faces-1.3.10.jar:/opt/netbeans/enterprise/modules/ext/struts/struts-mailreader-dao-1.3.10.jar:/opt/netbeans/enterprise/modules/ext/struts/struts-scripting-1.3.10.jar:/opt/netbeans/enterprise/modules/ext/struts/struts-taglib-1.3.10.jar:/opt/netbeans/enterprise/modules/ext/struts/struts-tiles-1.3.10.jar" />
    <property name="libs.PostgreSQLDriver.maven-pom" value="" />
    <property name="libs.absolutelayout.src" value="" />
    <property name="testng.mode" value="testng" />
    <property name="annotation.processing.enabled.in.editor" value="false" />
    <property name="java.vm.compressedOopsMode" value="32-bit" />
    <property name="netbeans.productversion" value="Apache NetBeans IDE 15" />
    <property name="libs.javaee-web-api-6.0.javadoc" value="/opt/netbeans/enterprise/docs/javaee-doc-api.jar" />
    <property name="libs.javaee-api-7.0.maven-pom" value="" />
    <property name="libs.groovy-all.classpath" value="/opt/netbeans/groovy/modules/ext/groovy-3.0.8.jar:/opt/netbeans/groovy/modules/ext/groovy-ant-3.0.8.jar" />
    <property name="libs.absolutelayout.javadoc" value="" />
    <property name="module.build.classes.dir" value="build/classes" />
    <property name="annotation.processing.processor.options" value="" />
    <property name="libs.jaxb.maven-pom" value="" />
    <property name="libs.javaee-api-6.0.maven-pom" value="" />
    <property name="dist.dir" value="dist" />
    <property name="build.dir" value="build" />
    <property name="libs.graaljs.maven-pom" value="" />
    <property name="netbeans.autoupdate.variant" value="" />
    <property name="javadoc.version" value="false" />
    <property name="libs.metro.src" value="" />
    <property name="libs.metro.classpath" value="/opt/netbeans/ide/modules/ext/jaxb/activation.jar:/opt/netbeans/enterprise/modules/ext/metro/webservices-api.jar:/opt/netbeans/enterprise/modules/ext/metro/webservices-extra-api.jar:/opt/netbeans/enterprise/modules/ext/metro/webservices-extra.jar:/opt/netbeans/enterprise/modules/ext/metro/webservices-rt.jar:/opt/netbeans/enterprise/modules/ext/metro/webservices-tools.jar" />
    <property name="socksProxyPort" value="0" />
    <property name="libs.CopyLibs.classpath" value="/opt/netbeans/java/ant/extra/org-netbeans-modules-java-j2seproject-copylibstask.jar" />
    <property name="javac.test.processorpath" value=":build/classes:/opt/netbeans/platform/modules/ext/junit-jupiter-api-5.6.0.jar:/opt/netbeans/platform/modules/ext/junit-jupiter-params-5.6.0.jar:/opt/netbeans/platform/modules/ext/junit-jupiter-engine-5.6.0.jar:/opt/netbeans/platform/modules/ext/junit-4.13.2.jar:/opt/netbeans/platform/modules/ext/hamcrest-core-1.3.jar" />
    <property name="libs.javaee-web-api-7.0.maven-pom" value="" />
    <property name="libs.javaee-web-api-8.0.maven-pom" value="" />
    <property name="netbeans.dirs" value="/opt/netbeans/nb:/opt/netbeans/ergonomics:/opt/netbeans/ide:/opt/netbeans/extide:/opt/netbeans/java:/opt/netbeans/apisupport:/opt/netbeans/webcommon:/opt/netbeans/websvccommon:/opt/netbeans/enterprise:/opt/netbeans/mobility:/opt/netbeans/profiler:/opt/netbeans/python:/opt/netbeans/php:/opt/netbeans/identity:/opt/netbeans/harness:/opt/netbeans/cnd:/opt/netbeans/cndext:/opt/netbeans/cpplite:/opt/netbeans/dlight:/opt/netbeans/groovy:/opt/netbeans/extra:/opt/netbeans/javacard:/opt/netbeans/javafx:" />
    <property name="javafx.deploy.allowoffline" value="true" />
    <property name="libs.hamcrest.maven-pom" value="" />
    <property name="http.proxyHost" value="192.168.0.11" />
    <property name="javac.processorpath" value="" />
    <property name="libs.javaee-api-6.0.javadoc" value="/opt/netbeans/enterprise/docs/javaee-doc-api.jar" />
    <property name="libs.JWSAntTasks.maven-pom" value="" />
    <property name="javafx.run.width" value="800" />
    <property name="javafx.rebase.libs" value="false" />
    <property name="javafx.preloader.class" value="" />
    <property name="javac.upgrademodulepath" value="" />
    <property name="run.modulepath" value="" />
    <property name="apple.laf.useScreenMenuBar" value="true" />
    <property name="user.country" value="ES" />
    <property name="sun.java.launcher" value="SUN_STANDARD" />
    <property name="libs.jakartaee-api-9.0.maven-pom" value="" />
    <property name="libs.restapi.javadoc" value="" />
    <property name="libs.jpa20-persistence.src" value="" />
    <property name="endorsed.classpath" value="" />
    <property name="javac.test.sourcepath" value="/home/alumno/NetBeansProjects/PractivaExamen/build/empty" />
    <property name="libs.spring-webmvc3.0.maven-pom" value="" />
    <property name="includes" value="**" />
    <property name="https.proxyHost" value="192.168.0.11" />
    <property name="libs.jsf12.javadoc" value="/opt/netbeans/enterprise/docs/javaee-doc-api.jar" />
    <property name="libs.hamcrest.classpath" value="/opt/netbeans/platform/modules/ext/hamcrest-core-1.3.jar" />
    <property name="javadoc.splitindex" value="true" />
    <property name="libs.JWSAntTasks.classpath" value="/opt/netbeans/java/ant/extra/org-netbeans-modules-javawebstart-anttasks.jar" />
    <property name="junit.available" value="true" />
    <property name="javac.processormodulepath" value="" />
    <property name="javadoc.encoding" value="UTF-8" />
    <property name="netbeans.hash.code" value="unique=0906c8196-8976-4ab6-8193-02a1ce031426_89a19ca6-a2b2-48ff-b4ff-f9bb62e3a3ce" />
    <property name="libs.jstl.src" value="" />
    <property name="libs.jsp-compilation-syscp.maven-pom" value="" />
    <property name="netbeans.running.environment" value="gnome" />
    <property name="libs.spring-webmvc3.0.classpath" value="/opt/netbeans/java/modules/ext/spring-3.0/spring-webmvc-3.2.18.RELEASE.jar" />
    <property name="java.runtime.name" value="OpenJDK Runtime Environment" />
    <property name="libs.jaxb.javadoc" value="/opt/netbeans/ide/docs/jaxb-api-doc.jar" />
    <property name="manifest.available" value="true" />
    <property name="libs.spring-framework500.maven-pom" value="" />
    <property name="run.jvmargs.ide" value="" />
    <property name="ant.core.lib" value="/opt/netbeans/extide/ant/lib/ant.jar" />
    <property name="libs.jsp-compilation.maven-pom" value="" />
    <property name="javac.profile.cmd.line.arg" value="" />
    <property name="libs.jakartaee-api-9.0.classpath" value="/opt/netbeans/enterprise/modules/ext/jakarta.jakartaee-api-9.0.0.jar" />
    <property name="application.title" value="PractivaExamen" />
    <property name="javac.test.modulepath" value="" />
    <property name="libs.PostgreSQLDriver.javadoc" value="" />
    <property name="libs.jsp-compilation-syscp.classpath" value="/opt/netbeans/extide/ant/lib/ant.jar:/opt/netbeans/enterprise/modules/ext/servlet3.1-jsp2.3-api.jar:/opt/netbeans/enterprise/modules/ext/glassfish-jspparser-4.0.jar:/opt/netbeans/enterprise/modules/ext/jstl-impl.jar:/opt/netbeans/enterprise/modules/ext/jsf-2_2/javax.faces.jar" />
    <property name="libs.jsp-compilation.classpath" value="/opt/netbeans/extide/ant/lib/ant.jar:/opt/netbeans/enterprise/modules/ext/servlet3.1-jsp2.3-api.jar:/opt/netbeans/enterprise/modules/ext/glassfish-jspparser-4.0.jar:/opt/netbeans/enterprise/modules/ext/jsf-2_2/javax.faces.jar:/opt/netbeans/enterprise/modules/ext/jstl-api.jar:/opt/netbeans/extide/ant/lib/ant-launcher.jar" />
    <property name="libs.javaee-api-6.0.classpath" value="/opt/netbeans/enterprise/modules/ext/javaee-api-6.0.jar" />
    <property name="javac.includesfile.binary" value="/home/alumno/NetBeansProjects/PractivaExamen/null471062445" />
    <property name="libs.javaee-api-7.0.classpath" value="/opt/netbeans/enterprise/modules/ext/javaee-api-7.0.jar" />
    <property name="libs.restapi.maven-pom" value="" />
    <property name="auxiliary.org-netbeans-modules-projectapi.issue214819_5f_fx_5f_enabled" value="true" />
    <property name="do.depend" value="false" />
    <property name="javadoc.preview" value="true" />
    <property name="sun.arch.data.model" value="64" />
    <property name="libs.jakartaee-web-api-9.0.maven-pom" value="" />
    <property name="sun.font.fontmanager" value="sun.awt.X11FontManager" />
    <property name="libs.javaee-endorsed-api-7.0.src" value="" />
    <property name="annotation.processing.enabled" value="true" />
    <property name="libs.junit_5.src" value="/opt/netbeans/platform/docs/junit-jupiter-api-5.6.0-sources.jar:/opt/netbeans/platform/docs/junit-jupiter-params-5.6.0-sources.jar:/opt/netbeans/platform/docs/junit-jupiter-engine-5.6.0-sources.jar" />
    <property name="libs.jaxb.classpath" value="/opt/netbeans/ide/modules/ext/jaxb/jaxb-impl.jar:/opt/netbeans/ide/modules/ext/jaxb/jaxb-xjc.jar:/opt/netbeans/ide/modules/ext/jaxb/activation.jar:/opt/netbeans/ide/modules/ext/jaxb/api/jaxb-api.jar" />
    <property name="libs.javaee-api-8.0.classpath" value="/opt/netbeans/enterprise/modules/ext/javaee-api-8.0.jar" />
    <property name="libs.CopyLibs.src" value="" />
    <property name="javafx.enabled" value="true" />
    <property name="javac.source" value="17" />
    <property name="java.specification.vendor" value="Oracle Corporation" />
    <property name="java.version.date" value="2023-04-18" />
    <property name="java.home" value="/usr/lib/jvm/zulu-fx-17-amd64" />
    <property name="work.dir" value="/home/alumno/NetBeansProjects/PractivaExamen" />
    <property name="jna.boot.library.name" value="jnidispatch-nb" />
    <property name="javac.test.compilerargs" value="" />
    <property name="libs.PostgreSQLDriver.classpath" value="/opt/netbeans/ide/modules/ext/postgresql-42.2.16.jar" />
    <property name="libs.graaljs.javadoc" value="" />
    <property name="libs.spring-webmvc3.0.javadoc" value="" />
    <property name="libs.JAXB-ENDORSED.src" value="" />
    <property name="manifest.encoding" value="UTF-8" />
    <property name="manifest.custom.permissions" value="" />
    <property name="libs.spring-framework400.src" value="" />
    <property name="sun.management.compiler" value="HotSpot 64-Bit Tiered Compilers" />
    <property name="run.test.modulepath" value="" />
    <property name="javafx.main.class" value="practivaexamen.PractivaExamen" />
    <property name="libs.graaljs.classpath" value="/opt/netbeans/webcommon/modules/ext/js-20.3.0.jar:/opt/netbeans/webcommon/modules/ext/js-launcher-20.3.0.jar:/opt/netbeans/webcommon/modules/ext/regex-20.3.0.jar:/opt/netbeans/webcommon/modules/ext/icu4j-67.1.jar:/opt/netbeans/ide/modules/ext/graal-sdk-20.3.0.jar:/opt/netbeans/ide/modules/ext/launcher-common-20.3.0.jar:/opt/netbeans/ide/modules/ext/truffle-api-20.3.0.jar" />
    <property name="libs.javaee-web-api-6.0.classpath" value="/opt/netbeans/enterprise/modules/ext/javaee-web-api-6.0.jar" />
    <property name="libs.jsp-compiler.javadoc" value="" />
    <property name="debug.test.modulepath" value="" />
    <property name="libs.javaee-web-api-7.0.classpath" value="/opt/netbeans/enterprise/modules/ext/javaee-web-api-7.0.jar" />
    <property name="file.encoding" value="UTF-8" />
    <property name="java.util.logging.config.class" value="org.netbeans.core.startup.TopLogging" />
    <property name="https.nonProxyHosts" value="localhost|127.0.0.0/8|::1" />
    <property name="libs.restlib.javadoc" value="" />
    <property name="libs.absolutelayout.classpath" value="/opt/netbeans/java/modules/ext/AbsoluteLayout.jar" />
    <property name="libs.struts.maven-pom" value="" />
    <property name="built-jar.properties" value="/home/alumno/NetBeansProjects/PractivaExamen/build/built-jar.properties" />
    <property name="nb.native.filechooser" value="false" />
    <property name="libs.testng.src" value="" />
    <property name="libs.javaee-web-api-8.0.classpath" value="/opt/netbeans/enterprise/modules/ext/javaee-web-api-8.0.jar" />
    <property name="platform.active" value="default_platform" />
    <property name="manifest.file" value="manifest.mf" />
    <property name="ant.file.type.PractivaExamen" value="file" />
    <property name="endorsed.javafx.ant.classpath" value="." />
    <property name="sun.io.unicode.encoding" value="UnicodeLittle" />
    <property name="libs.struts.javadoc" value="/opt/netbeans/enterprise/docs/struts-1.3.10-javadoc.zip" />
    <property name="default.javac.source" value="17" />
    <property name="libs.javaee-web-api-8.0.javadoc" value="/opt/netbeans/enterprise/docs/javaee-doc-api.jar" />
    <property name="netbeans.dynamic.classpath" value="/opt/netbeans/platform/core/org-netbeans-libs-asm.jar:/opt/netbeans/platform/core/core.jar:/opt/netbeans/platform/core/core-base.jar:/opt/netbeans/platform/core/asm-commons-9.3.jar:/opt/netbeans/platform/core/asm-9.3.jar:/opt/netbeans/platform/core/org-openide-filesystems-compat8.jar:/opt/netbeans/platform/core/org-openide-filesystems.jar:/opt/netbeans/platform/core/asm-tree-9.3.jar:/opt/netbeans/nb/core/org-netbeans-upgrader.jar:/opt/netbeans/nb/core/locale/core_nb.jar" />
    <property name="libs.eclipselinkmodelgen.classpath" value="/opt/netbeans/java/modules/ext/eclipselink/org.eclipse.persistence.jpa.modelgen.processor-2.7.10.jar" />
    <property name="javac.systemmodulepath.cmd.line.arg" value="" />
    <property name="netbeans.buildnumber" value="15-387759c96ce1b891ec45ffaf524a53499455fe1a" />
    <property name="endorsed.classpath.cmd.line.arg" value="" />
    <property name="libs.jpa20-persistence.maven-pom" value="" />
    <property name="os.name" value="Linux" />
    <property name="build.sysclasspath" value="ignore" />
    <property name="libs.CopyLibs.maven-pom" value="" />
    <property name="libs.jakartaee-api-8.0.maven-pom" value="" />
    <property name="jdkBug6558476" value="false" />
    <property name="http.nonProxyHosts" value="localhost|127.0.0.0/8|::1" />
    <property name="javadoc.author" value="false" />
    <property name="main.class" value="com.javafx.main.Main" />
    <property name="libs.jsp-compilation-syscp.javadoc" value="" />
    <property name="source.encoding" value="UTF-8" />
    <property name="jar.compress" value="false" />
    <property name="libs.javaee-api-7.0.javadoc" value="/opt/netbeans/enterprise/docs/javaee-doc-api.jar" />
    <property name="libs.spring-webmvc5.0.src" value="" />
    <property name="libs.jsf20.maven-pom" value="" />
    <property name="libs.restlib.classpath" value="/opt/netbeans/enterprise/modules/ext/jersey2/jakarta.annotation-api-1.3.5.jar:/opt/netbeans/enterprise/modules/ext/jersey2/jakarta.persistence-api-2.2.3.jar:/opt/netbeans/enterprise/modules/ext/jersey2/jakarta.servlet-api-4.0.4.jar:/opt/netbeans/enterprise/modules/ext/jersey2/jakarta.validation-api-2.0.2.jar:/opt/netbeans/enterprise/modules/ext/jersey2/jakarta.xml.bind-api-2.3.3.jar:/opt/netbeans/enterprise/modules/ext/jersey2/jersey-client-2.34.jar:/opt/netbeans/enterprise/modules/ext/jersey2/jersey-common-2.34.jar:/opt/netbeans/enterprise/modules/ext/jersey2/jersey-server-2.34.jar:/opt/netbeans/enterprise/modules/ext/jersey2/jersey-entity-filtering-2.34.jar:/opt/netbeans/enterprise/modules/ext/jersey2/jersey-hk2-2.34.jar:/opt/netbeans/enterprise/modules/ext/jersey2/jersey-media-moxy-2.34.jar:/opt/netbeans/enterprise/modules/ext/jersey2/jersey-container-servlet-2.34.jar:/opt/netbeans/enterprise/modules/ext/jersey2/jersey-container-servlet-core-2.34.jar:/opt/netbeans/enterprise/modules/ext/jersey2/hk2-api-2.6.1.jar:/opt/netbeans/enterprise/modules/ext/jersey2/hk2-locator-2.6.1.jar:/opt/netbeans/enterprise/modules/ext/jersey2/hk2-utils-2.6.1.jar:/opt/netbeans/enterprise/modules/ext/jersey2/jakarta.inject-2.6.1.jar:/opt/netbeans/enterprise/modules/ext/jersey2/aopalliance-repackaged-2.6.1.jar:/opt/netbeans/enterprise/modules/ext/jersey2/osgi.core-8.0.0.jar:/opt/netbeans/enterprise/modules/ext/jersey2/osgi-resource-locator-1.0.3.jar:/opt/netbeans/java/modules/ext/eclipselink/org.eclipse.persistence.core-2.7.10.jar:/opt/netbeans/java/modules/ext/eclipselink/org.eclipse.persistence.asm-9.2.0.jar:/opt/netbeans/java/modules/ext/eclipselink/org.eclipse.persistence.antlr-2.7.10.jar:/opt/netbeans/java/modules/ext/eclipselink/org.eclipse.persistence.jpa-2.7.10.jar:/opt/netbeans/java/modules/ext/eclipselink/org.eclipse.persistence.jpa.jpql-2.7.10.jar:/opt/netbeans/java/modules/ext/eclipselink/org.eclipse.persistence.moxy-2.7.10.jar" />
    <property name="libs.jakartaee-web-api-8.0.javadoc" value="/opt/netbeans/enterprise/docs/jakartaee8-doc-api.jar" />
    <property name="apple.awt.graphics.UseQuartz" value="true" />
    <property name="libs.graaljs.src" value="" />
    <property name="run.jvmargs" value="" />
    <property name="libs.primefaces.src" value="" />
    <property name="javafx.fallback.class" value="com.javafx.main.NoJavaFXFallback" />
    <property name="ant.file" value="/home/alumno/NetBeansProjects/PractivaExamen/build.xml" />
    <property name="libs.struts.src" value="" />
    <property name="path.separator" value=":" />
    <property name="libs.JAXB-ENDORSED.classpath" value="/opt/netbeans/ide/modules/ext/jaxb/api/jaxb-api.jar" />
    <property name="libs.restlib.src" value="" />
    <property name="build.test.results.dir" value="build/test/results" />
    <property name="libs.jaxws21.javadoc" value="/opt/netbeans/java/docs/jaxws-api-doc.zip" />
    <property name="libs.javaee-endorsed-api-6.0.javadoc" value="/opt/netbeans/enterprise/docs/javaee-doc-api.jar" />
    <property name="libs.spring-framework400.maven-pom" value="" />
    <property name="ap.processors.internal" value="" />
    <property name="module.name" value="" />
    <property name="libs.spring-webmvc5.0.javadoc" value="" />
    <property name="libs.jsf12.classpath" value="/opt/netbeans/enterprise/modules/ext/jsf-1_2/jsf-api.jar:/opt/netbeans/enterprise/modules/ext/jsf-1_2/jsf-impl.jar" />
    <property name="libs.spring-framework400.javadoc" value="" />
    <property name="libs.hamcrest.javadoc" value="" />
    <property name="java.vm.info" value="mixed mode, sharing" />
    <property name="libs.primefaces.classpath" value="/opt/netbeans/enterprise/modules/ext/primefaces/primefaces-5.0.jar" />
    <property name="libs.jaxws21.maven-pom" value="" />
    <property name="run.test.classpath" value=":build/classes:/opt/netbeans/platform/modules/ext/junit-jupiter-api-5.6.0.jar:/opt/netbeans/platform/modules/ext/junit-jupiter-params-5.6.0.jar:/opt/netbeans/platform/modules/ext/junit-jupiter-engine-5.6.0.jar:/opt/netbeans/platform/modules/ext/junit-4.13.2.jar:/opt/netbeans/platform/modules/ext/hamcrest-core-1.3.jar:build/test/classes" />
    <property name="dist.jlink.output" value="dist/jlink/PractivaExamen" />
    <property name="java.class.version" value="61.0" />
    <property name="javadoc.encoding.used" value="UTF-8" />
    <property name="src.dir" value="src" />
    <property name="ant.project.default-target" value="default" />
    <property name="debug.classpath" value="dist/PractivaExamen.jar::build/classes" />
    <property name="excludes" value="" />
    <property name="libs.javaee-api-7.0.src" value="" />
    <property name="javafx.preloader.jar.path" value="" />
    <property name="libs.junit_4.javadoc" value="/opt/netbeans/platform/docs/junit-4.13.2-javadoc.jar" />
    <property name="sun.jnu.encoding" value="UTF-8" />
    <property name="run.test.jvmargs" value="" />
    <property name="libs.spring-webmvc4.0.src" value="" />
    <property name="javafx.run.height" value="600" />
    <property name="sun.java2d.dpiaware" value="true" />
    <property name="main.class.available" value="true" />
    <property name="libs.jsf20.javadoc" value="/opt/netbeans/enterprise/docs/javaee-doc-api.jar" />
    <property name="jar.archive.disabled" value="true" />
    <property name="netbeans.importclass" value="org.netbeans.upgrade.AutoUpgrade" />
    <property name="netbeans.autoupdate.version" value="1.23" />
    <property name="empty.dir" value="/home/alumno/NetBeansProjects/PractivaExamen/build/empty" />
    <property name="netbeans.user" value="/home/alumno/.netbeans/15" />
    <property name="javac.includes.binary" value="/home/alumno/NetBeansProjects/PractivaExamen/build/test/classes/practivaexamen/PeliculaTest.class" />
    <property name="file.separator" value="/" />
    <property name="line.separator" value="&#xa;" />
    <property name="javadoc.additionalparam" value="" />
    <property name="libs.spring-webmvc5.0.classpath" value="/opt/netbeans/java/modules/ext/spring-5/spring-webmvc-5.2.9.RELEASE.jar" />
    <property name="libs.restlib.maven-pom" value="" />
    <property name="javac.debug" value="true" />
    <property name="libs.testng.classpath" value="/opt/netbeans/platform/modules/ext/testng-6.14.3.jar:/opt/netbeans/platform/modules/ext/jcommander-1.78.jar" />
    <property name="libs.jsp-compiler.src" value="" />
    <property name="user.name" value="alumno" />
    <property name="build.classes.dir" value="build/classes" />
    <property name="javadoc.windowtitle" value="" />
    <property name="nb.junit.single" value="false" />
    <property name="nb.internal.action.name" value="run.single" />
    <property name="libs.javaee-api-8.0.maven-pom" value="" />
    <property name="libs.jaxws21.src" value="" />
    <property name="javafx.disable.concurrent.runs" value="false" />
    <property name="compile.on.save.unsupported.javafx" value="true" />
    <property name="libs.jakartaee-web-api-9.0.javadoc" value="/opt/netbeans/enterprise/docs/jakartaee9-doc-api.jar" />
    <property name="jna.loaded" value="true" />
    <property name="libs.junit_5.maven-pom" value="" />
    <property name="libs.jpa20-persistence.javadoc" value="/opt/netbeans/java/modules/ext/docs/jakarta.persistence-2.2.3-doc.zip" />
    <property name="ant.junit.enabletestlistenerevents" value="true" />
    <property name="libs.JWSAntTasks.src" value="" />
    <property name="libs.spring-webmvc3.0.src" value="" />
    <property name="ant.home" value="/opt/netbeans/extide/ant" />
    <property name="debug.test.classpath" value=":build/classes:/opt/netbeans/platform/modules/ext/junit-jupiter-api-5.6.0.jar:/opt/netbeans/platform/modules/ext/junit-jupiter-params-5.6.0.jar:/opt/netbeans/platform/modules/ext/junit-jupiter-engine-5.6.0.jar:/opt/netbeans/platform/modules/ext/junit-4.13.2.jar:/opt/netbeans/platform/modules/ext/hamcrest-core-1.3.jar:build/test/classes" />
    <property name="have.tests" value="true" />
    <property name="testng.debug.mode" value="" />
    <property name="javac.target" value="17" />
    <property name="ant.version" value="Apache Ant(TM) version 1.10.8 compiled on May 10 2020" />
    <property name="libs.absolutelayout.maven-pom" value="" />
    <property name="java.failonerror" value="true" />
    <property name="libs.spring-framework500.src" value="" />
    <property name="javac.modulepath" value="" />
    <property name="libs.javaee-api-6.0.src" value="" />
    <property name="javafx.binarycss" value="false" />
    <property name="user.properties.file" value="/home/alumno/.netbeans/15/build.properties" />
    <property name="javac.includes" value="practivaexamen/PeliculaTest.java" />
    <property name="netbeans.autoupdate.country" value="ES" />
    <property name="java.class.path" value="/home/alumno/NetBeansProjects/PractivaExamen/build/classes:/opt/netbeans/platform/modules/ext/junit-jupiter-api-5.6.0.jar:/opt/netbeans/platform/modules/ext/junit-jupiter-params-5.6.0.jar:/opt/netbeans/platform/modules/ext/junit-jupiter-engine-5.6.0.jar:/opt/netbeans/platform/modules/ext/junit-4.13.2.jar:/opt/netbeans/platform/modules/ext/hamcrest-core-1.3.jar:/home/alumno/NetBeansProjects/PractivaExamen/build/test/classes:/opt/netbeans/extide/ant/lib/ant-launcher.jar:/opt/netbeans/extide/ant/lib/ant.jar:/opt/netbeans/extide/ant/lib/ant-junit.jar:/opt/netbeans/extide/ant/lib/ant-junit4.jar" />
    <property name="libs.javaee-web-api-6.0.maven-pom" value="" />
    <property name="java.vm.vendor" value="Azul Systems, Inc." />
    <property name="javafx.deploy.backgroundupdate" value="false" />
    <property name="ap.supported.internal" value="true" />
    <property name="netbeans.home+have.tests" value="true" />
    <property name="test.binaryexcludes" value="" />
    <property name="javac.compilerargs" value="" />
    <property name="libs.jstl.maven-pom" value="" />
    <property name="libs.jakartaee-web-api-8.0.src" value="" />
    <property name="sun.cpu.endian" value="little" />
    <property name="libs.junit_4.src" value="/opt/netbeans/platform/docs/junit-4.13.2-sources.jar" />
    <property name="libs.jakartaee-api-9.0.src" value="" />
    <property name="user.language" value="es" />
    <property name="copylibs.rebase" value="true" />
    <property name="libs.javaee-web-api-6.0.src" value="" />
    <property name="maven.defaultProjectBuilder.disableGlobalModelCache" value="true" />
    <property name="javadoc.nonavbar" value="false" />
    <property name="libs.javaee-api-8.0.src" value="" />
    <property name="ant.java.version" value="17" />
    <property name="libs.junit_4.classpath" value="/opt/netbeans/platform/modules/ext/junit-4.13.2.jar" />
    <property name="libs.jakartaee-api-9.0.javadoc" value="/opt/netbeans/enterprise/docs/jakartaee9-doc-api.jar" />
    <property name="test.binarytestincludes" value="" />
    <property name="libs.junit_4.maven-pom" value="" />
    <property name="libs.spring-webmvc5.0.maven-pom" value="" />
    <property name="libs.jsp-compiler.maven-pom" value="" />
    <property name="runtime.encoding" value="UTF-8" />
    <property name="libs.jakartaee-web-api-8.0.classpath" value="/opt/netbeans/enterprise/modules/ext/jakarta.jakartaee-web-api-8.0.0.jar" />
    <property name="javac.classpath" value="" />
    <property name="dist.jlink.dir" value="dist/jlink" />
    <property name="nb.junit.batch" value="true" />
    <property name="build.test.classes.dir" value="build/test/classes" />
    <property name="javafx.application.implementation.version" value="1.0" />
    <property name="javafx.preloader.type" value="none" />
    <property name="libs.spring-framework300.maven-pom" value="" />
    <property name="ant.project.invoked-targets" value="test-single" />
    <property name="libs.jstl.classpath" value="/opt/netbeans/enterprise/modules/ext/jstl-impl.jar:/opt/netbeans/enterprise/modules/ext/jstl-api.jar" />
    <property name="jna.platform.library.path" value="/usr/lib/x86_64-linux-gnu:/lib/x86_64-linux-gnu:/usr/lib64:/lib64:/usr/lib:/lib:/lib/i386-linux-gnu:/libx32:/lib32" />
    <property name="ap.cmd.line.internal" value="" />
    <property name="libs.PostgreSQLDriver.src" value="" />
    <property name="java.vendor.url.bug" value="http://www.azul.com/support/" />
    <property name="annotation.processing.source.output" value="build/generated-sources/ap-source-output" />
    <property name="user.dir" value="/home/alumno/NetBeansProjects/PractivaExamen" />
    <property name="libs.javaee-endorsed-api-6.0.maven-pom" value="" />
    <property name="platform.java" value="/usr/lib/jvm/zulu-fx-17-amd64/bin/java" />
    <property name="application.args" value="" />
    <property name="org.xml.sax.driver" value="com.sun.org.apache.xerces.internal.jaxp.SAXParserImpl$JAXPSAXParser" />
    <property name="libs.jakartaee-web-api-8.0.maven-pom" value="" />
    <property name="libs.eclipselink.src" value="" />
    <property name="manifest.custom.codebase" value="*" />
    <property name="java.vm.version" value="17.0.7+7-LTS" />
    <property name="libs.metro.javadoc" value="/opt/netbeans/enterprise/docs/webservices-api-javadoc.jar:/opt/netbeans/enterprise/docs/webservices-extra-javadoc.jar:/opt/netbeans/enterprise/docs/webservices-extra-api-javadoc.jar:/opt/netbeans/enterprise/docs/webservices-rt-javadoc.jar:/opt/netbeans/enterprise/docs/webservices-tools-javadoc.jar" />
    <property name="libs.jakartaee-web-api-9.0.src" value="" />
    <property name="test.class" value="practivaexamen.PeliculaTest" />
    <property name="sun.awt.datatransfer.timeout" value="1000" />
    <property name="annotation.processing.run.all.processors" value="true" />
    <property name="libs.javaee-web-api-7.0.src" value="" />
    <property name="libs.jakartaee-api-8.0.src" value="" />
    <property name="libs.jsp-compiler.classpath" value="/opt/netbeans/enterprise/ant/extra/jspcompile.jar" />
    <property name="junit.forkmode" value="perTest" />
    <property name="libs.javaee-endorsed-api-6.0.classpath" value="/opt/netbeans/enterprise/modules/ext/javaee6-endorsed/javax.annotation.jar:/opt/netbeans/enterprise/modules/ext/javaee6-endorsed/jaxb-api-osgi.jar:/opt/netbeans/enterprise/modules/ext/javaee6-endorsed/webservices-api-osgi.jar" />
  </properties>
  <testcase classname="practivaexamen.PeliculaTest" name="testToCSV" time="0.012" />
  <system-out><![CDATA[]]></system-out>
  <system-err><![CDATA[]]></system-err>
</testsuite>
